#
# A fatal error has been detected by the Java Runtime Environment:
#
#  EXCEPTION_ACCESS_VIOLATION (0xc0000005) at pc=0x00007ff81b76f7db, pid=7932, tid=0x0000000000001138
#
# JRE version: Java(TM) SE Runtime Environment (8.0_111-b14) (build 1.8.0_111-b14)
# Java VM: Java HotSpot(TM) 64-Bit Server VM (25.111-b14 mixed mode windows-amd64 compressed oops)
# Problematic frame:
# C  [ntdll.dll+0x2f7db]
#
# Failed to write core dump. Minidumps are not enabled by default on client versions of Windows
#
# If you would like to submit a bug report, please visit:
#   http://bugreport.java.com/bugreport/crash.jsp
# The crash happened outside the Java Virtual Machine in native code.
# See problematic frame for where to report the bug.
#

---------------  T H R E A D  ---------------

Current thread (0x0000000002872800):  JavaThread "main" [_thread_in_native, id=4408, stack(0x0000000002660000,0x0000000002760000)]

siginfo: ExceptionCode=0xc0000005, writing address 0x0000000000000024

Registers:
RAX=0x0000000000000000, RBX=0x00000000008dede8, RCX=0x00000000008dede8, RDX=0xffffffffffffffff
RSP=0x000000000275ede0, RBP=0x000000000079a000, RSI=0x0000000000000000, RDI=0x0000000000000000
R8 =0x0000000000000000, R9 =0x0000000000000000, R10=0x000000001bb6e320, R11=0x0000000002873060
R12=0x0000000000000000, R13=0x000000001bcad1b0, R14=0x0000000000000001, R15=0x0000000000000000
RIP=0x00007ff81b76f7db, EFLAGS=0x0000000000010213

Top of Stack: (sp=0x000000000275ede0)
0x000000000275ede0:   ffffffffffffffff 00000000008dede8
0x000000000275edf0:   0000063e92b52703 00007ff81b777a68
0x000000000275ee00:   000000001d6c17a8 0000000002872800
0x000000000275ee10:   000000000275f000 00000000fffffffa
0x000000000275ee20:   000000000079a000 00000000028729f8
0x000000000275ee30:   000000000275ef28 0000000002872800
0x000000000275ee40:   000000000275f0a0 0000000055ee8ee1
0x000000000275ee50:   0000063e92b526f3 0000000055e4e947
0x000000000275ee60:   000096d85a427a22 0000000055fc68dd
0x000000000275ee70:   0000000002872800 0000000000000001
0x000000000275ee80:   000000001bcad1b0 0000000000000000
0x000000000275ee90:   00000000008dede8 0000000000000000
0x000000000275eea0:   0000000000010001 00007ff81b770ce4
0x000000000275eeb0:   000000001bd99f68 0000000056394d58
0x000000000275eec0:   0000000000000000 0000000055fa71a5
0x000000000275eed0:   000000000275f0a0 00007ff81b770c10 

Instructions: (pc=0x00007ff81b76f7db)
0x00007ff81b76f7bb:   48 39 7b 18 0f 84 c0 00 00 00 48 83 3b ff 0f 84
0x00007ff81b76f7cb:   c3 00 00 00 48 8b 03 44 8b e7 48 83 f8 ff 74 03
0x00007ff81b76f7db:   ff 40 24 4c 8b 6b 18 4c 8d 35 7f cd 11 00 33 ed
0x00007ff81b76f7eb:   b8 82 03 fe 7f 8a 08 84 c9 0f 85 fc c2 08 00 49 


Register to memory mapping:

RAX=0x0000000000000000 is an unknown value
RBX=0x00000000008dede8 is an unknown value
RCX=0x00000000008dede8 is an unknown value
RDX=0xffffffffffffffff is an unknown value
RSP=0x000000000275ede0 is pointing into the stack for thread: 0x0000000002872800
RBP=0x000000000079a000 is an unknown value
RSI=0x0000000000000000 is an unknown value
RDI=0x0000000000000000 is an unknown value
R8 =0x0000000000000000 is an unknown value
R9 =0x0000000000000000 is an unknown value
R10={method} {0x000000001bb6e328} 'addRecord' '(Ljava/lang/Object;JJ)V' in 'sun/java2d/Disposer'
R11=0x0000000002873060 is an unknown value
R12=0x0000000000000000 is an unknown value
R13={method} {0x000000001bcad1b8} 'initOps' '(III)V' in 'sun/java2d/d3d/D3DSurfaceData'
R14=0x0000000000000001 is an unknown value
R15=0x0000000000000000 is an unknown value


Stack: [0x0000000002660000,0x0000000002760000],  sp=0x000000000275ede0,  free space=1019k
Native frames: (J=compiled Java code, j=interpreted, Vv=VM code, C=native code)
C  [ntdll.dll+0x2f7db]
C  [ntdll.dll+0x30ce4]
C  [ntdll.dll+0x30c10]
C  0x00007ffffb119a18

Java frames: (J=compiled Java code, j=interpreted, Vv=VM code)
j  sun.java2d.d3d.D3DSurfaceData.initOps(III)V+0
j  sun.java2d.d3d.D3DSurfaceData.<init>(Lsun/awt/windows/WComponentPeer;Lsun/java2d/d3d/D3DGraphicsConfig;IILjava/awt/Image;Ljava/awt/image/ColorModel;IILsun/java2d/pipe/hw/ExtendedBufferCapabilities$VSyncType;I)V+76
j  sun.java2d.d3d.D3DSurfaceData.createData(Lsun/awt/windows/WComponentPeer;Ljava/awt/Image;)Lsun/java2d/d3d/D3DSurfaceData;+117
j  sun.java2d.d3d.D3DVolatileSurfaceManager.initAcceleratedSurface()Lsun/java2d/SurfaceData;+59
j  sun.java2d.d3d.D3DVolatileSurfaceManager.restoreAcceleratedSurface()V+62
J 516 C1 sun.awt.image.VolatileSurfaceManager.validate(Ljava/awt/GraphicsConfiguration;)I (204 bytes) @ 0x0000000002b81434 [0x0000000002b80de0+0x654]
J 515 C1 sun.awt.image.SunVolatileImage.validate(Ljava/awt/GraphicsConfiguration;)I (9 bytes) @ 0x0000000002b809c4 [0x0000000002b808c0+0x104]
J 897 C1 java.awt.Component$FlipBufferStrategy.revalidate(Z)V (143 bytes) @ 0x0000000002cacc34 [0x0000000002cac700+0x534]
J 895 C1 java.awt.Component$FlipBufferStrategy.getDrawGraphics()Ljava/awt/Graphics; (12 bytes) @ 0x0000000002cab58c [0x0000000002cab3c0+0x1cc]
J 863 C1 Game.draw()V (332 bytes) @ 0x0000000002c7ef5c [0x0000000002c7ee40+0x11c]
j  Game.run()V+48
j  Game.main([Ljava/lang/String;)V+17
v  ~StubRoutines::call_stub

---------------  P R O C E S S  ---------------

Java Threads: ( => current thread )
  0x000000001d7cf000 JavaThread "Thread-0" daemon [_thread_in_native, id=6212, stack(0x00000000259a0000,0x0000000025aa0000)]
  0x000000001e4a5800 JavaThread "AWT-EventQueue-0" [_thread_blocked, id=5840, stack(0x00000000243d0000,0x00000000244d0000)]
  0x000000001d9e5000 JavaThread "AWT-Shutdown" [_thread_blocked, id=4592, stack(0x000000001ed20000,0x000000001ee20000)]
  0x000000001d9c5800 JavaThread "Java2D Disposer" daemon [_thread_blocked, id=1960, stack(0x000000001ec20000,0x000000001ed20000)]
  0x000000001c00e000 JavaThread "Service Thread" daemon [_thread_blocked, id=7316, stack(0x000000001de20000,0x000000001df20000)]
  0x000000001c00d800 JavaThread "C1 CompilerThread2" daemon [_thread_blocked, id=7776, stack(0x000000001dd20000,0x000000001de20000)]
  0x000000001c01e800 JavaThread "C2 CompilerThread1" daemon [_thread_blocked, id=5276, stack(0x000000001dc20000,0x000000001dd20000)]
  0x000000001c01d800 JavaThread "C2 CompilerThread0" daemon [_thread_blocked, id=8344, stack(0x000000001db20000,0x000000001dc20000)]
  0x000000001c011800 JavaThread "Monitor Ctrl-Break" daemon [_thread_in_native, id=3176, stack(0x000000001da20000,0x000000001db20000)]
  0x000000001bfbd800 JavaThread "Attach Listener" daemon [_thread_blocked, id=7096, stack(0x000000001d520000,0x000000001d620000)]
  0x000000001bfbc800 JavaThread "Signal Dispatcher" daemon [_thread_blocked, id=5844, stack(0x000000001d420000,0x000000001d520000)]
  0x0000000002969000 JavaThread "Finalizer" daemon [_thread_blocked, id=2304, stack(0x000000001d230000,0x000000001d330000)]
  0x0000000002963000 JavaThread "Reference Handler" daemon [_thread_blocked, id=6552, stack(0x000000001d130000,0x000000001d230000)]
=>0x0000000002872800 JavaThread "main" [_thread_in_native, id=4408, stack(0x0000000002660000,0x0000000002760000)]

Other Threads:
  0x000000001bf86800 VMThread [stack: 0x000000001d030000,0x000000001d130000] [id=7972]
  0x000000001d6f1800 WatcherThread [stack: 0x000000001df20000,0x000000001e020000] [id=4724]

VM state:not at safepoint (normal execution)

VM Mutex/Monitor currently owned by a thread: None

Heap:
 PSYoungGen      total 76288K, used 31675K [0x000000076af80000, 0x0000000770480000, 0x00000007c0000000)
  eden space 65536K, 48% used [0x000000076af80000,0x000000076ce6ed90,0x000000076ef80000)
  from space 10752K, 0% used [0x000000076fa00000,0x000000076fa00000,0x0000000770480000)
  to   space 10752K, 0% used [0x000000076ef80000,0x000000076ef80000,0x000000076fa00000)
 ParOldGen       total 175104K, used 0K [0x00000006c0e00000, 0x00000006cb900000, 0x000000076af80000)
  object space 175104K, 0% used [0x00000006c0e00000,0x00000006c0e00000,0x00000006cb900000)
 Metaspace       used 9766K, capacity 9938K, committed 10240K, reserved 1058816K
  class space    used 1134K, capacity 1213K, committed 1280K, reserved 1048576K

Card table byte_map: [0x0000000011d30000,0x0000000012530000] byte_map_base: 0x000000000e729000

Marking Bits: (ParMarkBitMap*) 0x00000000565aa6c0
 Begin Bits: [0x0000000012e90000, 0x0000000016e58000)
 End Bits:   [0x0000000016e58000, 0x000000001ae20000)

Polling page: 0x0000000000c80000

CodeCache: size=245760Kb used=3360Kb max_used=3370Kb free=242399Kb
 bounds [0x0000000002970000, 0x0000000002cc0000, 0x0000000011970000]
 total_blobs=1377 nmethods=915 adapters=375
 compilation: enabled

Compilation events (10 events):
Event: 10.688 Thread 0x000000001c00d800  910       1       javax.swing.JComponent$IntVector::size (5 bytes)
Event: 10.688 Thread 0x000000001c00d800 nmethod 910 0x0000000002cb8750 code [0x0000000002cb88a0, 0x0000000002cb89b0]
Event: 10.753 Thread 0x000000001c00d800  911       3       javax.swing.JComponent$IntVector::elementAt (7 bytes)
Event: 10.753 Thread 0x000000001c00d800 nmethod 911 0x0000000002cb8390 code [0x0000000002cb84e0, 0x0000000002cb8650]
Event: 10.870 Thread 0x000000001c01d800  912       4       java.util.concurrent.locks.ReentrantLock$Sync::tryRelease (45 bytes)
Event: 10.870 Thread 0x000000001c01d800 nmethod 912 0x0000000002cb6bd0 code [0x0000000002cb6d00, 0x0000000002cb6dd8]
Event: 10.903 Thread 0x000000001c01e800  913       4       java.lang.ref.SoftReference::get (29 bytes)
Event: 10.903 Thread 0x000000001c01e800 nmethod 913 0x0000000002cabd90 code [0x0000000002cabec0, 0x0000000002cabf78]
Event: 10.968 Thread 0x000000001c01d800  914       4       sun.java2d.d3d.D3DSurfaceData::getContext (5 bytes)
Event: 10.968 Thread 0x000000001c01d800 nmethod 914 0x0000000002c0a950 code [0x0000000002c0aa80, 0x0000000002c0aaf8]

GC Heap History (0 events):
No events

Deoptimization events (7 events):
Event: 0.277 Thread 0x0000000002872800 Uncommon trap: reason=null_check action=make_not_entrant pc=0x0000000002aec604 method=java.lang.String.equals(Ljava/lang/Object;)Z @ 8
Event: 5.768 Thread 0x0000000002872800 Uncommon trap: reason=class_check action=maybe_recompile pc=0x0000000002b06dd8 method=java.lang.String.equals(Ljava/lang/Object;)Z @ 8
Event: 5.769 Thread 0x0000000002872800 Uncommon trap: reason=class_check action=maybe_recompile pc=0x0000000002b06dd8 method=java.lang.String.equals(Ljava/lang/Object;)Z @ 8
Event: 5.769 Thread 0x0000000002872800 Uncommon trap: reason=class_check action=maybe_recompile pc=0x0000000002b06dd8 method=java.lang.String.equals(Ljava/lang/Object;)Z @ 8
Event: 5.769 Thread 0x0000000002872800 Uncommon trap: reason=class_check action=maybe_recompile pc=0x0000000002b06dd8 method=java.lang.String.equals(Ljava/lang/Object;)Z @ 8
Event: 5.851 Thread 0x0000000002872800 Uncommon trap: reason=unstable_if action=reinterpret pc=0x0000000002baa564 method=java.lang.CharacterData.of(I)Ljava/lang/CharacterData; @ 4
Event: 5.857 Thread 0x0000000002872800 Uncommon trap: reason=unstable_if action=reinterpret pc=0x0000000002c48a3c method=java.lang.Character.isSurrogate(C)Z @ 3

Internal exceptions (10 events):
Event: 0.033 Thread 0x0000000002872800 Exception <a 'java/lang/NoSuchMethodError': Method sun.misc.Unsafe.prefetchRead(Ljava/lang/Object;J)V name or signature does not match> (0x000000076af87f60) thrown at [C:\re\workspace\8-2-build-windows-amd64-cygwin\jdk8u111\7883\hotspot\src\share\vm\prims
Event: 0.128 Thread 0x0000000002872800 Exception <a 'java/security/PrivilegedActionException'> (0x000000076b2a2b68) thrown at [C:\re\workspace\8-2-build-windows-amd64-cygwin\jdk8u111\7883\hotspot\src\share\vm\prims\jvm.cpp, line 1386]
Event: 0.128 Thread 0x0000000002872800 Exception <a 'java/security/PrivilegedActionException'> (0x000000076b2a2d78) thrown at [C:\re\workspace\8-2-build-windows-amd64-cygwin\jdk8u111\7883\hotspot\src\share\vm\prims\jvm.cpp, line 1386]
Event: 0.129 Thread 0x0000000002872800 Exception <a 'java/security/PrivilegedActionException'> (0x000000076b2a6c60) thrown at [C:\re\workspace\8-2-build-windows-amd64-cygwin\jdk8u111\7883\hotspot\src\share\vm\prims\jvm.cpp, line 1386]
Event: 0.129 Thread 0x0000000002872800 Exception <a 'java/security/PrivilegedActionException'> (0x000000076b2a6e70) thrown at [C:\re\workspace\8-2-build-windows-amd64-cygwin\jdk8u111\7883\hotspot\src\share\vm\prims\jvm.cpp, line 1386]
Event: 0.132 Thread 0x0000000002872800 Exception <a 'java/io/FileNotFoundException'> (0x000000076b2af4b8) thrown at [C:\re\workspace\8-2-build-windows-amd64-cygwin\jdk8u111\7883\hotspot\src\share\vm\prims\jni.cpp, line 709]
Event: 0.167 Thread 0x0000000002872800 Exception <a 'java/lang/NoSuchFieldError': method resolution failed> (0x000000076b522fb8) thrown at [C:\re\workspace\8-2-build-windows-amd64-cygwin\jdk8u111\7883\hotspot\src\share\vm\prims\methodHandles.cpp, line 1146]
Event: 0.168 Thread 0x0000000002872800 Exception <a 'java/lang/NoSuchFieldError': method resolution failed> (0x000000076b530e30) thrown at [C:\re\workspace\8-2-build-windows-amd64-cygwin\jdk8u111\7883\hotspot\src\share\vm\prims\methodHandles.cpp, line 1146]
Event: 0.215 Thread 0x0000000002872800 Exception <a 'java/io/FileNotFoundException'> (0x000000076b6798a0) thrown at [C:\re\workspace\8-2-build-windows-amd64-cygwin\jdk8u111\7883\hotspot\src\share\vm\prims\jni.cpp, line 709]
Event: 0.277 Thread 0x0000000002872800 Implicit null exception at 0x0000000002aec41c to 0x0000000002aec5f5

Events (10 events):
Event: 5.851 Executing VM operation: Deoptimize done
Event: 5.857 Thread 0x0000000002872800 Uncommon trap: trap_request=0xffffff65 fr.pc=0x0000000002c48a3c
Event: 5.857 Thread 0x0000000002872800 DEOPT PACKING pc=0x0000000002c48a3c sp=0x000000000275e710
Event: 5.857 Thread 0x0000000002872800 DEOPT UNPACKING pc=0x00000000029b582a sp=0x000000000275e638 mode 2
Event: 12.398 Thread 0x0000000024b4c000 Thread added: 0x0000000024b4c000
Event: 12.398 Thread 0x000000001d7cf000 Thread added: 0x000000001d7cf000
Event: 12.398 Thread 0x0000000024b4c000 Thread exited: 0x0000000024b4c000
Event: 12.398 Thread 0x000000001e4b0000 Thread exited: 0x000000001e4b0000
Event: 12.398 loading class sun/java2d/pipe/hw/AccelDeviceEventNotifier
Event: 12.398 loading class sun/java2d/pipe/hw/AccelDeviceEventNotifier done


Dynamic libraries:
0x00007ff773c50000 - 0x00007ff773c87000 	C:\Program Files\Java\jdk1.8.0_111\bin\java.exe
0x00007ff81b740000 - 0x00007ff81b911000 	C:\WINDOWS\SYSTEM32\ntdll.dll
0x00007ff81b4d0000 - 0x00007ff81b57b000 	C:\WINDOWS\System32\KERNEL32.DLL
0x00007ff8180a0000 - 0x00007ff8182bd000 	C:\WINDOWS\System32\KERNELBASE.dll
0x00007ff81b690000 - 0x00007ff81b732000 	C:\WINDOWS\System32\ADVAPI32.dll
0x00007ff81ab60000 - 0x00007ff81abfe000 	C:\WINDOWS\System32\msvcrt.dll
0x00007ff81aa60000 - 0x00007ff81aab9000 	C:\WINDOWS\System32\sechost.dll
0x00007ff819060000 - 0x00007ff819181000 	C:\WINDOWS\System32\RPCRT4.dll
0x00007ff81ac00000 - 0x00007ff81ad65000 	C:\WINDOWS\System32\USER32.dll
0x00007ff817f80000 - 0x00007ff817f9e000 	C:\WINDOWS\System32\win32u.dll
0x00007ff81ab20000 - 0x00007ff81ab54000 	C:\WINDOWS\System32\GDI32.dll
0x00007ff817c30000 - 0x00007ff817db2000 	C:\WINDOWS\System32\gdi32full.dll
0x00007ff8060b0000 - 0x00007ff806329000 	C:\WINDOWS\WinSxS\amd64_microsoft.windows.common-controls_6595b64144ccf1df_6.0.14393.447_none_42191651c6827bb3\COMCTL32.dll
0x00007ff818d70000 - 0x00007ff819038000 	C:\WINDOWS\System32\combase.dll
0x00007ff817fa0000 - 0x00007ff818095000 	C:\WINDOWS\System32\ucrtbase.dll
0x00007ff817f10000 - 0x00007ff817f7a000 	C:\WINDOWS\System32\bcryptPrimitives.dll
0x00007ff81b650000 - 0x00007ff81b67e000 	C:\WINDOWS\System32\IMM32.DLL
0x0000000056630000 - 0x0000000056702000 	C:\Program Files\Java\jdk1.8.0_111\jre\bin\msvcr100.dll
0x0000000055d90000 - 0x000000005662a000 	C:\Program Files\Java\jdk1.8.0_111\jre\bin\server\jvm.dll
0x00007ff81b220000 - 0x00007ff81b228000 	C:\WINDOWS\System32\PSAPI.DLL
0x00007ff8096c0000 - 0x00007ff8096c9000 	C:\WINDOWS\SYSTEM32\WSOCK32.dll
0x00007ff8160e0000 - 0x00007ff816103000 	C:\WINDOWS\SYSTEM32\WINMM.dll
0x00007ff81ad80000 - 0x00007ff81adea000 	C:\WINDOWS\System32\WS2_32.dll
0x00007ff812c90000 - 0x00007ff812c9a000 	C:\WINDOWS\SYSTEM32\VERSION.dll
0x0000000000860000 - 0x000000000088b000 	C:\WINDOWS\SYSTEM32\WINMMBASE.dll
0x00007ff818490000 - 0x00007ff8184d2000 	C:\WINDOWS\System32\cfgmgr32.dll
0x00000000574c0000 - 0x00000000574cf000 	C:\Program Files\Java\jdk1.8.0_111\jre\bin\verify.dll
0x0000000057490000 - 0x00000000574b9000 	C:\Program Files\Java\jdk1.8.0_111\jre\bin\java.dll
0x0000000055d40000 - 0x0000000055d63000 	C:\Program Files\Java\jdk1.8.0_111\jre\bin\instrument.dll
0x0000000055d70000 - 0x0000000055d86000 	C:\Program Files\Java\jdk1.8.0_111\jre\bin\zip.dll
0x00007ff819330000 - 0x00007ff81a839000 	C:\WINDOWS\System32\SHELL32.dll
0x00007ff8184e0000 - 0x00007ff818bba000 	C:\WINDOWS\System32\windows.storage.dll
0x00007ff817bc0000 - 0x00007ff817c0c000 	C:\WINDOWS\System32\powrprof.dll
0x00007ff81aac0000 - 0x00007ff81ab12000 	C:\WINDOWS\System32\shlwapi.dll
0x00007ff817c20000 - 0x00007ff817c2f000 	C:\WINDOWS\System32\kernel.appcore.dll
0x00007ff817dc0000 - 0x00007ff817e69000 	C:\WINDOWS\System32\shcore.dll
0x00007ff817ba0000 - 0x00007ff817bb4000 	C:\WINDOWS\System32\profapi.dll
0x00007ff812aa0000 - 0x00007ff812aba000 	C:\Program Files\JetBrains\IntelliJ IDEA Community Edition 2017.1.4\bin\breakgen64.dll
0x0000000055d20000 - 0x0000000055d3a000 	C:\Program Files\Java\jdk1.8.0_111\jre\bin\net.dll
0x00007ff817470000 - 0x00007ff8174cc000 	C:\WINDOWS\system32\mswsock.dll
0x0000000055b80000 - 0x0000000055d18000 	C:\Program Files\Java\jdk1.8.0_111\jre\bin\awt.dll
0x00007ff81a9a0000 - 0x00007ff81aa5f000 	C:\WINDOWS\System32\OLEAUT32.dll
0x00007ff817e70000 - 0x00007ff817f0c000 	C:\WINDOWS\System32\msvcp_win.dll
0x00007ff815e00000 - 0x00007ff815e7a000 	C:\WINDOWS\SYSTEM32\apphelp.dll
0x00007ff816020000 - 0x00007ff816046000 	C:\WINDOWS\system32\DWMAPI.DLL
0x00007ff816330000 - 0x00007ff8163c5000 	C:\WINDOWS\system32\uxtheme.dll
0x00007ff81b370000 - 0x00007ff81b4cb000 	C:\WINDOWS\System32\MSCTF.dll
0x00007ff81b230000 - 0x00007ff81b367000 	C:\WINDOWS\System32\ole32.dll
0x00007ff805d80000 - 0x00007ff805f4c000 	C:\WINDOWS\system32\nvspcap64.dll
0x00007ff81adf0000 - 0x00007ff81b219000 	C:\WINDOWS\System32\SETUPAPI.dll
0x00007ff814a00000 - 0x00007ff814acd000 	C:\WINDOWS\SYSTEM32\WINHTTP.dll
0x00007ff815c00000 - 0x00007ff815c13000 	C:\WINDOWS\SYSTEM32\WTSAPI32.dll
0x00007ff80c640000 - 0x00007ff80ca3b000 	C:\WINDOWS\system32\nvapi64.dll
0x00007ff816b30000 - 0x00007ff816bcf000 	C:\WINDOWS\SYSTEM32\dxgi.dll
0x00007ff812440000 - 0x00007ff812526000 	C:\Program Files (x86)\NVIDIA Corporation\3D Vision\nvSCPAPI64.dll
0x0000000055b30000 - 0x0000000055b77000 	C:\Program Files\Java\jdk1.8.0_111\jre\bin\fontmanager.dll
0x0000000055b10000 - 0x0000000055b21000 	C:\Program Files\Java\jdk1.8.0_111\jre\bin\nio.dll
0x0000000055ac0000 - 0x0000000055b02000 	C:\Program Files\Java\jdk1.8.0_111\jre\bin\t2k.dll
0x00007ff803f10000 - 0x00007ff8040a2000 	C:\WINDOWS\SYSTEM32\dbghelp.dll

VM Arguments:
jvm_args: -javaagent:C:\Program Files\JetBrains\IntelliJ IDEA Community Edition 2017.1.4\lib\idea_rt.jar=2705:C:\Program Files\JetBrains\IntelliJ IDEA Community Edition 2017.1.4\bin -Dfile.encoding=UTF-8 
java_command: Game
java_class_path (initial): C:\Program Files\Java\jdk1.8.0_111\jre\lib\charsets.jar;C:\Program Files\Java\jdk1.8.0_111\jre\lib\deploy.jar;C:\Program Files\Java\jdk1.8.0_111\jre\lib\ext\access-bridge-64.jar;C:\Program Files\Java\jdk1.8.0_111\jre\lib\ext\cldrdata.jar;C:\Program Files\Java\jdk1.8.0_111\jre\lib\ext\dnsns.jar;C:\Program Files\Java\jdk1.8.0_111\jre\lib\ext\jaccess.jar;C:\Program Files\Java\jdk1.8.0_111\jre\lib\ext\jfxrt.jar;C:\Program Files\Java\jdk1.8.0_111\jre\lib\ext\localedata.jar;C:\Program Files\Java\jdk1.8.0_111\jre\lib\ext\nashorn.jar;C:\Program Files\Java\jdk1.8.0_111\jre\lib\ext\sunec.jar;C:\Program Files\Java\jdk1.8.0_111\jre\lib\ext\sunjce_provider.jar;C:\Program Files\Java\jdk1.8.0_111\jre\lib\ext\sunmscapi.jar;C:\Program Files\Java\jdk1.8.0_111\jre\lib\ext\sunpkcs11.jar;C:\Program Files\Java\jdk1.8.0_111\jre\lib\ext\zipfs.jar;C:\Program Files\Java\jdk1.8.0_111\jre\lib\javaws.jar;C:\Program Files\Java\jdk1.8.0_111\jre\lib\jce.jar;C:\Program Files\Java\jdk1.8.0_111\jre\lib\jfr.jar;C:\Program Files\Java\jdk1.8.0_111\jre\lib\jfxswt.jar;C:\Program Files\Java\jdk1.8.0_111\jre\lib\jsse.jar;C:\Program Files\Java\jdk1.8.0_111\jre\lib\management-agent.jar;C:\Program Files\Java\jdk1.8.0_111\jre\lib\plugin.jar;C:\Program Files\Java\jdk1.8.0_111\jre\lib\resources.jar;C:\Program Files\Java\jdk1.8.0_111\jre\lib\rt.jar;C:\Users\IGMAdmin\Downloads\NG\BasicFramework-master\BasicFramework-master\out\production\BasicFramework-master;C:\Program Files\JetBrains\IntelliJ IDEA Community Edition 2017.1.4\lib\idea_rt.jar
Launcher Type: SUN_STANDARD

Environment Variables:
PATH=C:\ProgramData\Oracle\Java\javapath;C:\Program Files (x86)\ActiveState Komodo Edit 10\;C:\WINDOWS\system32;C:\WINDOWS;C:\WINDOWS\System32\Wbem;C:\WINDOWS\System32\WindowsPowerShell\v1.0\;C:\Program Files (x86)\NVIDIA Corporation\PhysX\Common;C:\Program Files (x86)\GtkSharp\2.12\bin;C:\Program Files\Microsoft SQL Server\120\Tools\Binn\;C:\Program Files\Microsoft SQL Server\130\Tools\Binn\;c:\Program Files\Common Files\Autodesk Shared\;c:\Program Files (x86)\Autodesk\Backburner\;C:\Program Files (x86)\Microsoft Emulator Manager\1.0\;C:\Program Files (x86)\Visual Leak Detector\bin\Win32;C:\Program Files (x86)\Visual Leak Detector\bin\Win64;C:\Program Files\TortoiseSVN\bin;C:\Program Files (x86)\PuTTY\;C:\Program Files\nodejs\;C:\Program Files\doxygen\bin;C:\Program Files\dotnet\;C:\Program Files (x86)\Brackets\command;C:\Program Files (x86)\QuickTime\QTSystem\;C:\Program Files (x86)\Windows Kits\10\Windows Performance Toolkit\;C:\Program Files\Java\jdk1.7.0\bin;C:\Program Files\Git\cmd;C:\Users\IGMAdmin\AppData\Local\Microsoft\WindowsApps;;C:\Program Files (x86)\Microsoft VS Code\bin;C:\Users\IGMAdmin\AppData\Roaming\npm;C:\Program Files\Heroku\bin
USERNAME=IGMAdmin
OS=Windows_NT
PROCESSOR_IDENTIFIER=Intel64 Family 6 Model 94 Stepping 3, GenuineIntel



---------------  S Y S T E M  ---------------

OS: Windows 10.0 , 64 bit Build 14393 (10.0.14393.0)

CPU:total 4 (4 cores per cpu, 2 threads per core) family 6 model 94 stepping 3, cmov, cx8, fxsr, mmx, sse, sse2, sse3, ssse3, sse4.1, sse4.2, popcnt, avx, avx2, aes, clmul, erms, rtm, 3dnowpref, lzcnt, ht, tsc, tscinvbit, bmi1, bmi2, adx

Memory: 4k page, physical 16717572k(12919384k free), swap 19207940k(13097264k free)

vm_info: Java HotSpot(TM) 64-Bit Server VM (25.111-b14) for windows-amd64 JRE (1.8.0_111-b14), built on Sep 22 2016 19:24:05 by "java_re" with MS VC++ 10.0 (VS2010)

time: Wed Jul 26 13:15:26 2017
elapsed time: 12 seconds (0d 0h 0m 12s)

